1602618350685	geckodriver	INFO	Listening on 127.0.0.1:54990
1602618353719	mozrunner::runner	INFO	Running command: "C:\\Program Files\\Mozilla Firefox\\firefox.exe" "--marionette" "-foreground" "-no-remote" "-profile" "C:\\Users\\jakes\\AppData\\Local\\Temp\\rust_mozprofilegVsTkX"
console.error: SearchCache: "_readCacheFile: Error reading cache file:" (new Error("", "(unknown module)"))
JavaScript error: resource://gre/modules/XULStore.jsm, line 66: Error: Can't find profile directory.
1602618356009	Marionette	INFO	Listening on port 54999
1602618356404	Marionette	WARN	TLS certificate errors will be ignored for this session
1602618365472	Marionette	INFO	Stopped listening on port 54999

###!!! [Child][RunMessage] Error: Channel closing: too late to send/recv, messages will be lost


###!!! [Child][MessageChannel::SendAndWait] Error: Channel error: cannot send/recv

1602618586369	geckodriver	INFO	Listening on 127.0.0.1:55050
1602618589452	mozrunner::runner	INFO	Running command: "C:\\Program Files\\Mozilla Firefox\\firefox.exe" "--marionette" "-foreground" "-no-remote" "-profile" "C:\\Users\\jakes\\AppData\\Local\\Temp\\rust_mozprofileApo3JJ"
console.error: SearchCache: "_readCacheFile: Error reading cache file:" (new Error("", "(unknown module)"))
JavaScript error: resource://gre/modules/XULStore.jsm, line 66: Error: Can't find profile directory.
1602618591480	Marionette	INFO	Listening on port 55058
1602618591536	Marionette	WARN	TLS certificate errors will be ignored for this session
1602618596384	Marionette	INFO	Stopped listening on port 55058

###!!! [Child][RunMessage] Error: Channel closing: too late to send/recv, messages will be lost


###!!! [Child][MessageChannel::SendAndWait] Error: Channel error: cannot send/recv

1603282246413	geckodriver	INFO	Listening on 127.0.0.1:57822
1603289512299	geckodriver	INFO	Listening on 127.0.0.1:50888
1605017912148	geckodriver	INFO	Listening on 127.0.0.1:65127
1605017915178	mozrunner::runner	INFO	Running command: "C:\\Program Files\\Mozilla Firefox\\firefox.exe" "--marionette" "-foreground" "-no-remote" "-profile" "C:\\Users\\jakes\\AppData\\Local\\Temp\\rust_mozprofileEpp5S4"
JavaScript error: resource://gre/modules/XULStore.jsm, line 66: Error: Can't find profile directory.
console.error: SearchCache: "_readCacheFile: Error reading cache file:" (new Error("", "(unknown module)"))
1605017918836	Marionette	INFO	Listening on port 65136
1605017919311	Marionette	WARN	TLS certificate errors will be ignored for this session
JavaScript error: resource://gre/actors/AutoCompleteChild.jsm, line 235: Error: Invalid autocomplete selectedIndex
1605017919871	Marionette	INFO	Stopped listening on port 65136
console.error: services.settings: 
  main/partitioning-exempt-urls Signature failed  TypeError: NetworkError when attempting to fetch resource.

###!!! [Child][RunMessage] Error: Channel closing: too late to send/recv, messages will be lost

1605018373277	geckodriver	INFO	Listening on 127.0.0.1:65205
1605018376304	mozrunner::runner	INFO	Running command: "C:\\Program Files\\Mozilla Firefox\\firefox.exe" "--marionette" "-foreground" "-no-remote" "-profile" "C:\\Users\\jakes\\AppData\\Local\\Temp\\rust_mozprofileJOUpM2"
JavaScript error: resource://gre/modules/XULStore.jsm, line 66: Error: Can't find profile directory.
console.error: SearchCache: "_readCacheFile: Error reading cache file:" (new Error("", "(unknown module)"))
1605018378468	Marionette	INFO	Listening on port 65214
1605018378918	Marionette	WARN	TLS certificate errors will be ignored for this session
JavaScript error: resource://gre/actors/AutoCompleteChild.jsm, line 235: Error: Invalid autocomplete selectedIndex
1605018379416	Marionette	INFO	Stopped listening on port 65214
console.error: services.settings: 
  main/partitioning-exempt-urls Signature failed  TypeError: NetworkError when attempting to fetch resource.
[Parent 21532, Gecko_IOThread] WARNING: file /builds/worker/checkouts/gecko/ipc/chromium/src/base/process_util_win.cc, line 166

###!!! [Child][RunMessage] Error: Channel closing: too late to send/recv, messages will be lost

1605018719194	geckodriver	INFO	Listening on 127.0.0.1:65281
1605018722223	mozrunner::runner	INFO	Running command: "C:\\Program Files\\Mozilla Firefox\\firefox.exe" "--marionette" "-foreground" "-no-remote" "-profile" "C:\\Users\\jakes\\AppData\\Local\\Temp\\rust_mozprofileeLWrtj"
JavaScript error: resource://gre/modules/XULStore.jsm, line 66: Error: Can't find profile directory.
console.error: SearchCache: "_readCacheFile: Error reading cache file:" (new Error("", "(unknown module)"))
1605018724192	Marionette	INFO	Listening on port 65289
1605018724235	Marionette	WARN	TLS certificate errors will be ignored for this session
JavaScript error: resource://gre/actors/AutoCompleteChild.jsm, line 235: Error: Invalid autocomplete selectedIndex
1605018724731	Marionette	INFO	Stopped listening on port 65289
console.error: services.settings: 
  main/messaging-experiments Signature failed  TypeError: NetworkError when attempting to fetch resource.
console.error: services.settings: 
  main/message-groups Signature failed  TypeError: NetworkError when attempting to fetch resource.
console.error: Region.jsm: "Error fetching region" (new TypeError("NetworkError when attempting to fetch resource.", ""))
console.error: Region.jsm: "Failed to fetch region" (new Error("NO_RESULT", "resource://gre/modules/Region.jsm", 351))

###!!! [Child][RunMessage] Error: Channel closing: too late to send/recv, messages will be lost

1605018785000	geckodriver	INFO	Listening on 127.0.0.1:65321
1605018788026	mozrunner::runner	INFO	Running command: "C:\\Program Files\\Mozilla Firefox\\firefox.exe" "--marionette" "-foreground" "-no-remote" "-profile" "C:\\Users\\jakes\\AppData\\Local\\Temp\\rust_mozprofile5e8wrX"
JavaScript error: resource://gre/modules/XULStore.jsm, line 66: Error: Can't find profile directory.
console.error: SearchCache: "_readCacheFile: Error reading cache file:" (new Error("", "(unknown module)"))
1605018790131	Marionette	INFO	Listening on port 65329
1605018790144	Marionette	WARN	TLS certificate errors will be ignored for this session
JavaScript error: resource://gre/actors/AutoCompleteChild.jsm, line 235: Error: Invalid autocomplete selectedIndex
1605018790647	Marionette	INFO	Stopped listening on port 65329
console.warn: services.settings: main/partitioning-exempt-urls sync interrupted by shutdown

###!!! [Child][RunMessage] Error: Channel closing: too late to send/recv, messages will be lost

1605018833955	geckodriver	INFO	Listening on 127.0.0.1:65368
1605018836972	mozrunner::runner	INFO	Running command: "C:\\Program Files\\Mozilla Firefox\\firefox.exe" "--marionette" "-foreground" "-no-remote" "-profile" "C:\\Users\\jakes\\AppData\\Local\\Temp\\rust_mozprofileAHWWOl"
JavaScript error: resource://gre/modules/XULStore.jsm, line 66: Error: Can't find profile directory.
console.error: SearchCache: "_readCacheFile: Error reading cache file:" (new Error("", "(unknown module)"))
1605018838983	Marionette	INFO	Listening on port 65376
1605018839087	Marionette	WARN	TLS certificate errors will be ignored for this session
1605018859682	Marionette	INFO	Stopped listening on port 65376

###!!! [Child][RunMessage] Error: Channel closing: too late to send/recv, messages will be lost

1605018883102	geckodriver	INFO	Listening on 127.0.0.1:65447
1605018886119	mozrunner::runner	INFO	Running command: "C:\\Program Files\\Mozilla Firefox\\firefox.exe" "--marionette" "-foreground" "-no-remote" "-profile" "C:\\Users\\jakes\\AppData\\Local\\Temp\\rust_mozprofileDFB2lz"
JavaScript error: resource://gre/modules/XULStore.jsm, line 66: Error: Can't find profile directory.
console.error: SearchCache: "_readCacheFile: Error reading cache file:" (new Error("", "(unknown module)"))
1605018888249	Marionette	INFO	Listening on port 65455
1605018888734	Marionette	WARN	TLS certificate errors will be ignored for this session
JavaScript error: resource://gre/actors/AutoCompleteChild.jsm, line 235: Error: Invalid autocomplete selectedIndex
1605018890301	Marionette	INFO	Stopped listening on port 65455

###!!! [Child][RunMessage] Error: Channel closing: too late to send/recv, messages will be lost

1605018926192	geckodriver	INFO	Listening on 127.0.0.1:65504
1605018929212	mozrunner::runner	INFO	Running command: "C:\\Program Files\\Mozilla Firefox\\firefox.exe" "--marionette" "-foreground" "-no-remote" "-profile" "C:\\Users\\jakes\\AppData\\Local\\Temp\\rust_mozprofileTGEha0"
JavaScript error: resource://gre/modules/XULStore.jsm, line 66: Error: Can't find profile directory.
console.error: SearchCache: "_readCacheFile: Error reading cache file:" (new Error("", "(unknown module)"))
1605018931404	Marionette	INFO	Listening on port 65531
1605018931827	Marionette	WARN	TLS certificate errors will be ignored for this session
JavaScript error: resource://gre/actors/AutoCompleteChild.jsm, line 235: Error: Invalid autocomplete selectedIndex
1605018934388	Marionette	INFO	Stopped listening on port 65531

###!!! [Child][RunMessage] Error: Channel closing: too late to send/recv, messages will be lost

1605088602418	geckodriver	INFO	Listening on 127.0.0.1:52509
1605088605441	mozrunner::runner	INFO	Running command: "C:\\Program Files\\Mozilla Firefox\\firefox.exe" "--marionette" "-foreground" "-no-remote" "-profile" "C:\\Users\\jakes\\AppData\\Local\\Temp\\rust_mozprofileUAcBln"
JavaScript error: resource://gre/modules/XULStore.jsm, line 66: Error: Can't find profile directory.
console.error: SearchCache: "_readCacheFile: Error reading cache file:" (new Error("", "(unknown module)"))
1605088609320	Marionette	INFO	Listening on port 52517
1605088609560	Marionette	WARN	TLS certificate errors will be ignored for this session
JavaScript error: resource://gre/actors/AutoCompleteChild.jsm, line 235: Error: Invalid autocomplete selectedIndex
1605088612114	Marionette	INFO	Stopped listening on port 52517

###!!! [Child][RunMessage] Error: Channel closing: too late to send/recv, messages will be lost

1605090701028	geckodriver	INFO	Listening on 127.0.0.1:52751
1605090704058	mozrunner::runner	INFO	Running command: "C:\\Program Files\\Mozilla Firefox\\firefox.exe" "--marionette" "-foreground" "-no-remote" "-profile" "C:\\Users\\jakes\\AppData\\Local\\Temp\\rust_mozprofileR3tidp"
JavaScript error: resource://gre/modules/XULStore.jsm, line 66: Error: Can't find profile directory.
console.error: SearchCache: "_readCacheFile: Error reading cache file:" (new Error("", "(unknown module)"))
1605090706245	Marionette	INFO	Listening on port 52759
1605090706675	Marionette	WARN	TLS certificate errors will be ignored for this session
JavaScript error: resource://gre/actors/AutoCompleteChild.jsm, line 235: Error: Invalid autocomplete selectedIndex
1605090820881	geckodriver	INFO	Listening on 127.0.0.1:52873
1605090823920	mozrunner::runner	INFO	Running command: "C:\\Program Files\\Mozilla Firefox\\firefox.exe" "--marionette" "-foreground" "-no-remote" "-profile" "C:\\Users\\jakes\\AppData\\Local\\Temp\\rust_mozprofile6sjYS2"
JavaScript error: resource://gre/modules/XULStore.jsm, line 66: Error: Can't find profile directory.
console.error: SearchCache: "_readCacheFile: Error reading cache file:" (new Error("", "(unknown module)"))
1605090825993	Marionette	INFO	Listening on port 52883
1605090826042	Marionette	WARN	TLS certificate errors will be ignored for this session
JavaScript error: resource://gre/actors/AutoCompleteChild.jsm, line 235: Error: Invalid autocomplete selectedIndex
1605090868847	geckodriver	INFO	Listening on 127.0.0.1:52942
1605090871875	mozrunner::runner	INFO	Running command: "C:\\Program Files\\Mozilla Firefox\\firefox.exe" "--marionette" "-foreground" "-no-remote" "-profile" "C:\\Users\\jakes\\AppData\\Local\\Temp\\rust_mozprofilemR35II"
JavaScript error: resource://gre/modules/XULStore.jsm, line 66: Error: Can't find profile directory.
console.error: SearchCache: "_readCacheFile: Error reading cache file:" (new Error("", "(unknown module)"))
1605090873903	Marionette	INFO	Listening on port 52951
1605090873999	Marionette	WARN	TLS certificate errors will be ignored for this session
JavaScript error: resource://gre/actors/AutoCompleteChild.jsm, line 235: Error: Invalid autocomplete selectedIndex
1605090876076	Marionette	INFO	Stopped listening on port 52951

###!!! [Child][RunMessage] Error: Channel closing: too late to send/recv, messages will be lost

